Copyright 1986-2015 Xilinx, Inc. All Rights Reserved.
-----------------------------------------------------------------------------------------
| Tool Version : Vivado v.2015.4 (lin64) Build 1412921 Wed Nov 18 09:44:32 MST 2015
| Date         : Tue Jan 24 10:29:36 2017
| Host         : opt-penkovskyi01 running 64-bit Ubuntu 14.04.4 LTS
| Command      : report_timing_summary -file ./outCellular/post_place_timing_summary.rpt
| Design       : CellularTop
| Device       : 7a100t-csg324
| Speed File   : -1  PRODUCTION 1.14 2014-09-11
-----------------------------------------------------------------------------------------

Timing Summary Report

------------------------------------------------------------------------------------------------
| Timer Settings
| --------------
------------------------------------------------------------------------------------------------

  Enable Multi Corner Analysis               :  Yes
  Enable Pessimism Removal                   :  Yes
  Pessimism Removal Resolution               :  Nearest Common Node
  Enable Input Delay Default Clock           :  No
  Enable Preset / Clear Arcs                 :  No
  Disable Flight Delays                      :  No
  Ignore I/O Paths                           :  No
  Timing Early Launch at Borrowing Latches   :  false

  Corner  Analyze    Analyze    
  Name    Max Paths  Min Paths  
  ------  ---------  ---------  
  Slow    Yes        Yes        
  Fast    Yes        Yes        



check_timing report

Table of Contents
-----------------
1. checking no_clock
2. checking constant_clock
3. checking pulse_width_clock
4. checking unconstrained_internal_endpoints
5. checking no_input_delay
6. checking no_output_delay
7. checking multiple_clock
8. checking generated_clocks
9. checking loops
10. checking partial_input_delay
11. checking partial_output_delay
12. checking latch_loops

1. checking no_clock
--------------------
 There are 0 register/latch pins with no clock.


2. checking constant_clock
--------------------------
 There are 0 register/latch pins with constant_clock.


3. checking pulse_width_clock
-----------------------------
 There are 0 register/latch pins which need pulse_width check


4. checking unconstrained_internal_endpoints
--------------------------------------------
 There are 0 pins that are not constrained for maximum delay.

 There are 0 pins that are not constrained for maximum delay due to constant clock.


5. checking no_input_delay
--------------------------
 There is 1 input port with no input delay specified. (HIGH)

 There are 0 input ports with no input delay but user has a false path constraint.


6. checking no_output_delay
---------------------------
 There are 16 ports with no output delay specified. (HIGH)

 There are 0 ports with no output delay but user has a false path constraint

 There are 0 ports with no output delay but with a timing clock defined on it or propagating through it


7. checking multiple_clock
--------------------------
 There are 0 register/latch pins with multiple clocks.


8. checking generated_clocks
----------------------------
 There are 0 generated clocks that are not connected to a clock source.


9. checking loops
-----------------
 There are 0 combinational loops in the design.


10. checking partial_input_delay
--------------------------------
 There are 0 input ports with partial input delay specified.


11. checking partial_output_delay
---------------------------------
 There are 0 ports with partial output delay specified.


12. checking latch_loops
------------------------
 There are 0 combinational latch loops in the design through latch input



------------------------------------------------------------------------------------------------
| Design Timing Summary
| ---------------------
------------------------------------------------------------------------------------------------

    WNS(ns)      TNS(ns)  TNS Failing Endpoints  TNS Total Endpoints      WHS(ns)      THS(ns)  THS Failing Endpoints  THS Total Endpoints     WPWS(ns)     TPWS(ns)  TPWS Failing Endpoints  TPWS Total Endpoints  
    -------      -------  ---------------------  -------------------      -------      -------  ---------------------  -------------------     --------     --------  ----------------------  --------------------  
      6.661        0.000                      0                   82        0.170        0.000                      0                   82        4.500        0.000                       0                    57  


All user specified timing constraints are met.


------------------------------------------------------------------------------------------------
| Clock Summary
| -------------
------------------------------------------------------------------------------------------------

Clock        Waveform(ns)       Period(ns)      Frequency(MHz)
-----        ------------       ----------      --------------
sys_clk_pin  {0.000 5.000}      10.000          100.000         


------------------------------------------------------------------------------------------------
| Intra Clock Table
| -----------------
------------------------------------------------------------------------------------------------

Clock             WNS(ns)      TNS(ns)  TNS Failing Endpoints  TNS Total Endpoints      WHS(ns)      THS(ns)  THS Failing Endpoints  THS Total Endpoints     WPWS(ns)     TPWS(ns)  TPWS Failing Endpoints  TPWS Total Endpoints  
-----             -------      -------  ---------------------  -------------------      -------      -------  ---------------------  -------------------     --------     --------  ----------------------  --------------------  
sys_clk_pin         6.661        0.000                      0                   82        0.170        0.000                      0                   82        4.500        0.000                       0                    57  


------------------------------------------------------------------------------------------------
| Inter Clock Table
| -----------------
------------------------------------------------------------------------------------------------

From Clock    To Clock          WNS(ns)      TNS(ns)  TNS Failing Endpoints  TNS Total Endpoints      WHS(ns)      THS(ns)  THS Failing Endpoints  THS Total Endpoints  
----------    --------          -------      -------  ---------------------  -------------------      -------      -------  ---------------------  -------------------  


------------------------------------------------------------------------------------------------
| Other Path Groups Table
| -----------------------
------------------------------------------------------------------------------------------------

Path Group    From Clock    To Clock          WNS(ns)      TNS(ns)  TNS Failing Endpoints  TNS Total Endpoints      WHS(ns)      THS(ns)  THS Failing Endpoints  THS Total Endpoints  
----------    ----------    --------          -------      -------  ---------------------  -------------------      -------      -------  ---------------------  -------------------  


------------------------------------------------------------------------------------------------
| Timing Details
| --------------
------------------------------------------------------------------------------------------------


---------------------------------------------------------------------------------------------------
From Clock:  sys_clk_pin
  To Clock:  sys_clk_pin

Setup :            0  Failing Endpoints,  Worst Slack        6.661ns,  Total Violation        0.000ns
Hold  :            0  Failing Endpoints,  Worst Slack        0.170ns,  Total Violation        0.000ns
PW    :            0  Failing Endpoints,  Worst Slack        4.500ns,  Total Violation        0.000ns
---------------------------------------------------------------------------------------------------


Max Delay Paths
--------------------------------------------------------------------------------------
Slack (MET) :             6.661ns  (required time - arrival time)
  Source:                 CELLULAR_inst/cellular_topentity_inst/cnt_reg[14]/C
                            (rising edge-triggered cell FDCE clocked by sys_clk_pin  {rise@0.000ns fall@5.000ns period=10.000ns})
  Destination:            CELLULAR_inst/cellular_topentity_inst/r_rec_reg[10]/CE
                            (rising edge-triggered cell FDCE clocked by sys_clk_pin  {rise@0.000ns fall@5.000ns period=10.000ns})
  Path Group:             sys_clk_pin
  Path Type:              Setup (Max at Slow Process Corner)
  Requirement:            10.000ns  (sys_clk_pin rise@10.000ns - sys_clk_pin rise@0.000ns)
  Data Path Delay:        3.074ns  (logic 0.704ns (22.902%)  route 2.370ns (77.098%))
  Logic Levels:           2  (LUT4=1 LUT6=1)
  Clock Path Skew:        -0.025ns (DCD - SCD + CPR)
    Destination Clock Delay (DCD):    5.025ns = ( 15.025 - 10.000 ) 
    Source Clock Delay      (SCD):    5.322ns
    Clock Pessimism Removal (CPR):    0.272ns
  Clock Uncertainty:      0.035ns  ((TSJ^2 + TIJ^2)^1/2 + DJ) / 2 + PE
    Total System Jitter     (TSJ):    0.071ns
    Total Input Jitter      (TIJ):    0.000ns
    Discrete Jitter          (DJ):    0.000ns
    Phase Error              (PE):    0.000ns

    Location             Delay type                Incr(ns)  Path(ns)    Netlist Resource(s)
  -------------------------------------------------------------------    -------------------
                         (clock sys_clk_pin rise edge)
                                                      0.000     0.000 r  
    E3                                                0.000     0.000 r  clk100 (IN)
                         net (fo=0)                   0.000     0.000    clk100
    E3                   IBUF (Prop_ibuf_I_O)         1.482     1.482 r  clk100_IBUF_inst/O
                         net (fo=1, estimated)        2.024     3.506    clk100_IBUF
    BUFGCTRL_X0Y16       BUFG (Prop_bufg_I_O)         0.096     3.602 r  clk100_IBUF_BUFG_inst/O
                         net (fo=56, estimated)       1.720     5.322    CELLULAR_inst/cellular_topentity_inst/CLK
    SLICE_X86Y69         FDCE                                         r  CELLULAR_inst/cellular_topentity_inst/cnt_reg[14]/C
  -------------------------------------------------------------------    -------------------
    SLICE_X86Y69         FDCE (Prop_fdce_C_Q)         0.456     5.778 f  CELLULAR_inst/cellular_topentity_inst/cnt_reg[14]/Q
                         net (fo=2, estimated)        1.009     6.787    CELLULAR_inst/cellular_topentity_inst/cnt_reg[14]
    SLICE_X87Y69         LUT6 (Prop_lut6_I0_O)        0.124     6.911 f  CELLULAR_inst/cellular_topentity_inst/xlnx_opt_LUT_r_rec[15]_i_1_1/O
                         net (fo=1, estimated)        0.830     7.741    CELLULAR_inst/cellular_topentity_inst/xlnx_opt_result_3
    SLICE_X87Y69         LUT4 (Prop_lut4_I0_O)        0.124     7.865 r  CELLULAR_inst/cellular_topentity_inst/xlnx_opt_LUT_r_rec[15]_i_1_5/O
                         net (fo=16, estimated)       0.531     8.396    CELLULAR_inst/cellular_topentity_inst/result
    SLICE_X89Y71         FDCE                                         r  CELLULAR_inst/cellular_topentity_inst/r_rec_reg[10]/CE
  -------------------------------------------------------------------    -------------------

                         (clock sys_clk_pin rise edge)
                                                     10.000    10.000 r  
    E3                                                0.000    10.000 r  clk100 (IN)
                         net (fo=0)                   0.000    10.000    clk100
    E3                   IBUF (Prop_ibuf_I_O)         1.411    11.411 r  clk100_IBUF_inst/O
                         net (fo=1, estimated)        1.923    13.334    clk100_IBUF
    BUFGCTRL_X0Y16       BUFG (Prop_bufg_I_O)         0.091    13.425 r  clk100_IBUF_BUFG_inst/O
                         net (fo=56, estimated)       1.600    15.025    CELLULAR_inst/cellular_topentity_inst/CLK
    SLICE_X89Y71         FDCE                                         r  CELLULAR_inst/cellular_topentity_inst/r_rec_reg[10]/C
                         clock pessimism              0.272    15.297    
                         clock uncertainty           -0.035    15.261    
    SLICE_X89Y71         FDCE (Setup_fdce_C_CE)      -0.205    15.056    CELLULAR_inst/cellular_topentity_inst/r_rec_reg[10]
  -------------------------------------------------------------------
                         required time                         15.056    
                         arrival time                          -8.396    
  -------------------------------------------------------------------
                         slack                                  6.661    





Min Delay Paths
--------------------------------------------------------------------------------------
Slack (MET) :             0.170ns  (arrival time - required time)
  Source:                 CELLULAR_inst/cellular_topentity_inst/cellular_mealy_r_app_arg/x_reg[0]/C
                            (rising edge-triggered cell FDPE clocked by sys_clk_pin  {rise@0.000ns fall@5.000ns period=10.000ns})
  Destination:            CELLULAR_inst/cellular_topentity_inst/r_rec_reg[0]/D
                            (rising edge-triggered cell FDCE clocked by sys_clk_pin  {rise@0.000ns fall@5.000ns period=10.000ns})
  Path Group:             sys_clk_pin
  Path Type:              Hold (Min at Fast Process Corner)
  Requirement:            0.000ns  (sys_clk_pin rise@0.000ns - sys_clk_pin rise@0.000ns)
  Data Path Delay:        0.230ns  (logic 0.164ns (71.249%)  route 0.066ns (28.751%))
  Logic Levels:           0  
  Clock Path Skew:        0.014ns (DCD - SCD - CPR)
    Destination Clock Delay (DCD):    2.233ns
    Source Clock Delay      (SCD):    1.727ns
    Clock Pessimism Removal (CPR):    0.492ns

    Location             Delay type                Incr(ns)  Path(ns)    Netlist Resource(s)
  -------------------------------------------------------------------    -------------------
                         (clock sys_clk_pin rise edge)
                                                      0.000     0.000 r  
    E3                                                0.000     0.000 r  clk100 (IN)
                         net (fo=0)                   0.000     0.000    clk100
    E3                   IBUF (Prop_ibuf_I_O)         0.250     0.250 r  clk100_IBUF_inst/O
                         net (fo=1, estimated)        0.853     1.103    clk100_IBUF
    BUFGCTRL_X0Y16       BUFG (Prop_bufg_I_O)         0.026     1.129 r  clk100_IBUF_BUFG_inst/O
                         net (fo=56, estimated)       0.598     1.727    CELLULAR_inst/cellular_topentity_inst/cellular_mealy_r_app_arg/CLK
    SLICE_X88Y69         FDPE                                         r  CELLULAR_inst/cellular_topentity_inst/cellular_mealy_r_app_arg/x_reg[0]/C
  -------------------------------------------------------------------    -------------------
    SLICE_X88Y69         FDPE (Prop_fdpe_C_Q)         0.164     1.891 r  CELLULAR_inst/cellular_topentity_inst/cellular_mealy_r_app_arg/x_reg[0]/Q
                         net (fo=1, estimated)        0.066     1.957    CELLULAR_inst/cellular_topentity_inst/r_app_arg[0]
    SLICE_X89Y69         FDCE                                         r  CELLULAR_inst/cellular_topentity_inst/r_rec_reg[0]/D
  -------------------------------------------------------------------    -------------------

                         (clock sys_clk_pin rise edge)
                                                      0.000     0.000 r  
    E3                                                0.000     0.000 r  clk100 (IN)
                         net (fo=0)                   0.000     0.000    clk100
    E3                   IBUF (Prop_ibuf_I_O)         0.438     0.438 r  clk100_IBUF_inst/O
                         net (fo=1, estimated)        0.898     1.336    clk100_IBUF
    BUFGCTRL_X0Y16       BUFG (Prop_bufg_I_O)         0.029     1.365 r  clk100_IBUF_BUFG_inst/O
                         net (fo=56, estimated)       0.868     2.233    CELLULAR_inst/cellular_topentity_inst/CLK
    SLICE_X89Y69         FDCE                                         r  CELLULAR_inst/cellular_topentity_inst/r_rec_reg[0]/C
                         clock pessimism             -0.492     1.741    
    SLICE_X89Y69         FDCE (Hold_fdce_C_D)         0.046     1.787    CELLULAR_inst/cellular_topentity_inst/r_rec_reg[0]
  -------------------------------------------------------------------
                         required time                         -1.787    
                         arrival time                           1.957    
  -------------------------------------------------------------------
                         slack                                  0.170    





Pulse Width Checks
--------------------------------------------------------------------------------------
Clock Name:         sys_clk_pin
Waveform(ns):       { 0.000 5.000 }
Period(ns):         10.000
Sources:            { clk100 }

Check Type        Corner  Lib Pin  Reference Pin  Required(ns)  Actual(ns)  Slack(ns)  Location        Pin
Min Period        n/a     BUFG/I   n/a            2.155         10.000      7.845      BUFGCTRL_X0Y16  clk100_IBUF_BUFG_inst/I
Low Pulse Width   Fast    FDCE/C   n/a            0.500         5.000       4.500      SLICE_X86Y66    CELLULAR_inst/cellular_topentity_inst/cnt_reg[0]/C
High Pulse Width  Slow    FDCE/C   n/a            0.500         5.000       4.500      SLICE_X86Y66    CELLULAR_inst/cellular_topentity_inst/cnt_reg[0]/C



